
  [32m[1mVITE[22m v8.0.16[39m  [2mready in [0m[1m244[22m[2m[0m ms[22m

  [32m➜[39m  [1mLocal[22m:   [36mhttps://localhost:[1m5200[22m/[39m
[2m  [32m➜[39m  [1mNetwork[22m[2m: use [22m[1m--host[22m[2m to expose[22m
[2m[32m  ➜[39m[22m[2m  press [22m[1mh + enter[22m[2m to show help[22m
[2m14:53:28[22m [36m[1m[vite][22m[39m [90m[2m(client)[22m[39m [32mhmr update [39m[2m/src/index.css, /src/pages/Dashboard.tsx, /src/features/admin/pages/Overview.tsx, /src/features/admin/pages/Users.tsx, /src/features/admin/pages/Configs.tsx[22m
[2m14:53:31[22m [36m[1m[vite][22m[39m [90m[2m(client)[22m[39m [32mhmr update [39m[2m/src/index.css, /src/pages/Dashboard.tsx, /src/features/admin/pages/Overview.tsx, /src/features/admin/pages/Users.tsx, /src/features/admin/pages/Configs.tsx[22m
[2m14:53:32[22m [36m[1m[vite][22m[39m [90m[2m(client)[22m[39m [32mhmr update [39m[2m/src/index.css, /src/pages/Dashboard.tsx, /src/features/admin/pages/Overview.tsx, /src/features/admin/pages/Users.tsx, /src/features/admin/pages/Configs.tsx[22m
[2m14:53:37[22m [36m[1m[vite][22m[39m [90m[2m(client)[22m[39m [32mhmr update [39m[2m/src/index.css, /src/pages/Dashboard.tsx, /src/features/admin/pages/Overview.tsx, /src/features/admin/pages/Users.tsx, /src/features/admin/pages/Configs.tsx[22m
[2m14:53:39[22m [36m[1m[vite][22m[39m [90m[2m(client)[22m[39m [32mhmr update [39m[2m/src/index.css, /src/features/admin/AdminLayout.tsx[22m
[2m14:53:40[22m [36m[1m[vite][22m[39m [90m[2m(client)[22m[39m [32mhmr update [39m[2m/src/App.tsx, /src/index.css[22m
[2m14:53:40[22m [31m[1m[vite][22m[39m [31mInternal server error: Failed to resolve import "@/features/admin/pages/Images" from "src/App.tsx". Does the file exist?[39m
  Plugin: [35mvite:import-analysis[39m
  File: [36mD:/book/frontend/src/App.tsx[39m:18:38
[33m  28 |  const AdminUsers = lazy(_c19 = () => import("@/features/admin/pages/Users"));
  29 |  _c20 = AdminUsers;
  30 |  const AdminImages = lazy(_c21 = () => import("@/features/admin/pages/Images"));
     |                                               ^
  31 |  _c22 = AdminImages;
  32 |  const AdminConfigs = lazy(_c23 = () => import("@/features/admin/pages/Configs"));[39m
      at TransformPluginContext._formatLog (file:///D:/book/frontend/node_modules/vite/dist/node/chunks/node.js:30602:39)
      at TransformPluginContext.error (file:///D:/book/frontend/node_modules/vite/dist/node/chunks/node.js:30599:14)
      at normalizeUrl (file:///D:/book/frontend/node_modules/vite/dist/node/chunks/node.js:27842:18)
      at async file:///D:/book/frontend/node_modules/vite/dist/node/chunks/node.js:27905:30
      at async Promise.all (index 17)
      at async TransformPluginContext.transform (file:///D:/book/frontend/node_modules/vite/dist/node/chunks/node.js:27873:4)
      at async EnvironmentPluginContainer.transform (file:///D:/book/frontend/node_modules/vite/dist/node/chunks/node.js:30387:14)
      at async loadAndTransform (file:///D:/book/frontend/node_modules/vite/dist/node/chunks/node.js:24646:26)
[2m14:53:40[22m [31m[1m[vite][22m[39m [31m[2m(client)[22m[39m Pre-transform error: Failed to resolve import "@/features/admin/pages/Images" from "src/App.tsx". Does the file exist?
  Plugin: [35mvite:import-analysis[39m
  File: [36mD:/book/frontend/src/App.tsx[39m:18:38
[33m  28 |  const AdminUsers = lazy(_c19 = () => import("@/features/admin/pages/Users"));
  29 |  _c20 = AdminUsers;
  30 |  const AdminImages = lazy(_c21 = () => import("@/features/admin/pages/Images"));
     |                                               ^
  31 |  _c22 = AdminImages;
  32 |  const AdminConfigs = lazy(_c23 = () => import("@/features/admin/pages/Configs"));[39m
[2m14:53:40[22m [31m[1m[vite][22m[39m [31mInternal server error: Failed to resolve import "@/features/admin/pages/Images" from "src/App.tsx". Does the file exist?[39m
  Plugin: [35mvite:import-analysis[39m
  File: [36mD:/book/frontend/src/App.tsx[39m:18:38
[33m  28 |  const AdminUsers = lazy(_c19 = () => import("@/features/admin/pages/Users"));
  29 |  _c20 = AdminUsers;
  30 |  const AdminImages = lazy(_c21 = () => import("@/features/admin/pages/Images"));
     |                                               ^
  31 |  _c22 = AdminImages;
  32 |  const AdminConfigs = lazy(_c23 = () => import("@/features/admin/pages/Configs"));[39m
      at TransformPluginContext._formatLog (file:///D:/book/frontend/node_modules/vite/dist/node/chunks/node.js:30602:39)
      at TransformPluginContext.error (file:///D:/book/frontend/node_modules/vite/dist/node/chunks/node.js:30599:14)
      at normalizeUrl (file:///D:/book/frontend/node_modules/vite/dist/node/chunks/node.js:27842:18)
      at async file:///D:/book/frontend/node_modules/vite/dist/node/chunks/node.js:27905:30
      at async Promise.all (index 17)
      at async TransformPluginContext.transform (file:///D:/book/frontend/node_modules/vite/dist/node/chunks/node.js:27873:4)
      at async EnvironmentPluginContainer.transform (file:///D:/book/frontend/node_modules/vite/dist/node/chunks/node.js:30387:14)
      at async loadAndTransform (file:///D:/book/frontend/node_modules/vite/dist/node/chunks/node.js:24646:26)
[2m14:53:40[22m [31m[1m[vite][22m[39m [31m[2m(client)[22m[39m [2m[console.error] [22m[vite] Failed to reload /src/App.tsx. This could be due to syntax errors or importing non-existent modules. (see errors above)
[2m14:53:40[22m [31m[1m[vite][22m[39m [31m[2m(client)[22m[39m [2m[console.error] [22m[vite] Failed to reload /src/App.tsx. This could be due to syntax errors or importing non-existent modules. (see errors above)
[2m14:53:41[22m [36m[1m[vite][22m[39m [90m[2m(client)[22m[39m [32mpage reload [39m[2msrc/App.tsx[22m
[2m14:53:42[22m [31m[1m[vite][22m[39m [31m[2m(client)[22m[39m Pre-transform error: Failed to resolve import "@/features/admin/pages/Images" from "src/App.tsx". Does the file exist?
  Plugin: [35mvite:import-analysis[39m
  File: [36mD:/book/frontend/src/App.tsx[39m:18:38
[33m  28 |  const AdminUsers = lazy(_c19 = () => import("@/features/admin/pages/Users"));
  29 |  _c20 = AdminUsers;
  30 |  const AdminImages = lazy(_c21 = () => import("@/features/admin/pages/Images"));
     |                                               ^
  31 |  _c22 = AdminImages;
  32 |  const AdminConfigs = lazy(_c23 = () => import("@/features/admin/pages/Configs"));[39m
[2m14:53:42[22m [31m[1m[vite][22m[39m [31m[2m(client)[22m[39m Pre-transform error: Failed to resolve import "@/features/admin/pages/Images" from "src/App.tsx". Does the file exist?
  Plugin: [35mvite:import-analysis[39m
  File: [36mD:/book/frontend/src/App.tsx[39m:18:38
[33m  28 |  const AdminUsers = lazy(_c19 = () => import("@/features/admin/pages/Users"));
  29 |  _c20 = AdminUsers;
  30 |  const AdminImages = lazy(_c21 = () => import("@/features/admin/pages/Images"));
     |                                               ^
  31 |  _c22 = AdminImages;
  32 |  const AdminConfigs = lazy(_c23 = () => import("@/features/admin/pages/Configs"));[39m
[2m14:53:42[22m [31m[1m[vite][22m[39m [31m[2m(client)[22m[39m Pre-transform error: Failed to resolve import "@/features/admin/pages/Images" from "src/App.tsx". Does the file exist?
  Plugin: [35mvite:import-analysis[39m
  File: [36mD:/book/frontend/src/App.tsx[39m:18:38
[33m  28 |  const AdminUsers = lazy(_c19 = () => import("@/features/admin/pages/Users"));
  29 |  _c20 = AdminUsers;
  30 |  const AdminImages = lazy(_c21 = () => import("@/features/admin/pages/Images"));
     |                                               ^
  31 |  _c22 = AdminImages;
  32 |  const AdminConfigs = lazy(_c23 = () => import("@/features/admin/pages/Configs"));[39m
[2m14:53:42[22m [31m[1m[vite][22m[39m [31mInternal server error: Failed to resolve import "@/features/admin/pages/Images" from "src/App.tsx". Does the file exist?[39m
  Plugin: [35mvite:import-analysis[39m
  File: [36mD:/book/frontend/src/App.tsx[39m:18:38
[33m  28 |  const AdminUsers = lazy(_c19 = () => import("@/features/admin/pages/Users"));
  29 |  _c20 = AdminUsers;
  30 |  const AdminImages = lazy(_c21 = () => import("@/features/admin/pages/Images"));
     |                                               ^
  31 |  _c22 = AdminImages;
  32 |  const AdminConfigs = lazy(_c23 = () => import("@/features/admin/pages/Configs"));[39m
      at TransformPluginContext._formatLog (file:///D:/book/frontend/node_modules/vite/dist/node/chunks/node.js:30602:39)
      at TransformPluginContext.error (file:///D:/book/frontend/node_modules/vite/dist/node/chunks/node.js:30599:14)
      at normalizeUrl (file:///D:/book/frontend/node_modules/vite/dist/node/chunks/node.js:27842:18)
      at async file:///D:/book/frontend/node_modules/vite/dist/node/chunks/node.js:27905:30
      at async Promise.all (index 17)
      at async TransformPluginContext.transform (file:///D:/book/frontend/node_modules/vite/dist/node/chunks/node.js:27873:4)
      at async EnvironmentPluginContainer.transform (file:///D:/book/frontend/node_modules/vite/dist/node/chunks/node.js:30387:14)
      at async loadAndTransform (file:///D:/book/frontend/node_modules/vite/dist/node/chunks/node.js:24646:26)
[2m14:53:42[22m [31m[1m[vite][22m[39m [31m[2m(client)[22m[39m Pre-transform error: Failed to resolve import "@/features/admin/pages/Images" from "src/App.tsx". Does the file exist?
  Plugin: [35mvite:import-analysis[39m
  File: [36mD:/book/frontend/src/App.tsx[39m:18:38
[33m  28 |  const AdminUsers = lazy(_c19 = () => import("@/features/admin/pages/Users"));
  29 |  _c20 = AdminUsers;
  30 |  const AdminImages = lazy(_c21 = () => import("@/features/admin/pages/Images"));
     |                                               ^
  31 |  _c22 = AdminImages;
  32 |  const AdminConfigs = lazy(_c23 = () => import("@/features/admin/pages/Configs"));[39m
[2m14:53:42[22m [31m[1m[vite][22m[39m [31mInternal server error: Failed to resolve import "@/features/admin/pages/Images" from "src/App.tsx". Does the file exist?[39m
  Plugin: [35mvite:import-analysis[39m
  File: [36mD:/book/frontend/src/App.tsx[39m:18:38
[33m  28 |  const AdminUsers = lazy(_c19 = () => import("@/features/admin/pages/Users"));
  29 |  _c20 = AdminUsers;
  30 |  const AdminImages = lazy(_c21 = () => import("@/features/admin/pages/Images"));
     |                                               ^
  31 |  _c22 = AdminImages;
  32 |  const AdminConfigs = lazy(_c23 = () => import("@/features/admin/pages/Configs"));[39m
      at TransformPluginContext._formatLog (file:///D:/book/frontend/node_modules/vite/dist/node/chunks/node.js:30602:39)
      at TransformPluginContext.error (file:///D:/book/frontend/node_modules/vite/dist/node/chunks/node.js:30599:14)
      at normalizeUrl (file:///D:/book/frontend/node_modules/vite/dist/node/chunks/node.js:27842:18)
      at async file:///D:/book/frontend/node_modules/vite/dist/node/chunks/node.js:27905:30
      at async Promise.all (index 17)
      at async TransformPluginContext.transform (file:///D:/book/frontend/node_modules/vite/dist/node/chunks/node.js:27873:4)
      at async EnvironmentPluginContainer.transform (file:///D:/book/frontend/node_modules/vite/dist/node/chunks/node.js:30387:14)
      at async loadAndTransform (file:///D:/book/frontend/node_modules/vite/dist/node/chunks/node.js:24646:26)
[2m14:53:56[22m [36m[1m[vite][22m[39m [90m[2m(client)[22m[39m [32mpage reload [39m[2msrc/features/admin/pages/Images.tsx[22m
[2m14:54:07[22m [36m[1m[vite][22m[39m [90m[2m(client)[22m[39m [32mhmr update [39m[2m/src/index.css, /src/features/admin/pages/Users.tsx[22m
[2m14:54:21[22m [36m[1m[vite][22m[39m [90m[2m(client)[22m[39m [32mhmr update [39m[2m/src/index.css, /src/features/admin/pages/Users.tsx[22m
[2m14:54:27[22m [36m[1m[vite][22m[39m [90m[2m(client)[22m[39m [32mhmr update [39m[2m/src/index.css, /src/features/admin/pages/Users.tsx[22m
[2m14:55:04[22m [36m[1m[vite][22m[39m [90m[2m(client)[22m[39m [32mhmr update [39m[2m/src/index.css, /src/features/captcha/components/Captcha.tsx[22m
[2m14:55:05[22m [36m[1m[vite][22m[39m [90m[2m(client)[22m[39m [32mhmr update [39m[2m/src/index.css, /src/features/captcha/components/Captcha.tsx[22m
[2m14:55:05[22m [31m[1m[vite][22m[39m [31m[2m(client)[22m[39m [2m[console.error] [22m[vite] SyntaxError: The requested module '/src/features/captcha/hooks.ts?t=1781938504494' does not provide an export named 'loadScript'
[2m14:55:05[22m [31m[1m[vite][22m[39m [31m[2m(client)[22m[39m [2m[console.error] [22m[vite] Failed to reload /src/features/captcha/components/Captcha.tsx. This could be due to syntax errors or importing non-existent modules. (see errors above)
[2m14:55:05[22m [36m[1m[vite][22m[39m [90m[2m(client)[22m[39m [32mhmr update [39m[2m/src/App.tsx, /src/index.css[22m
[2m14:55:05[22m [31m[1m[vite][22m[39m [31m[2m(client)[22m[39m [2m[console.error] [22m[vite] SyntaxError: The requested module '/node_modules/.vite/deps/@tabler_icons-react.js?v=9f6aab91' does not provide an export named 'IconPackageDownload'
[2m14:55:05[22m [31m[1m[vite][22m[39m [31m[2m(client)[22m[39m [2m[console.error] [22m[vite] Failed to reload /src/App.tsx. This could be due to syntax errors or importing non-existent modules. (see errors above)
[2m14:55:05[22m [31m[1m[vite][22m[39m [31m[2m(client)[22m[39m [2m[console.error] [22m[vite] SyntaxError: The requested module '/node_modules/.vite/deps/@tabler_icons-react.js?v=9f6aab91' does not provide an export named 'IconPackageDownload'
[2m14:55:05[22m [31m[1m[vite][22m[39m [31m[2m(client)[22m[39m [2m[console.error] [22m[vite] Failed to reload /src/App.tsx. This could be due to syntax errors or importing non-existent modules. (see errors above)
[2m14:55:11[22m [36m[1m[vite][22m[39m [90m[2m(client)[22m[39m [32mhmr update [39m[2m/src/index.css, /src/features/captcha/components/Captcha.tsx[22m
[2m14:55:12[22m [36m[1m[vite][22m[39m [90m[2m(client)[22m[39m [32mhmr update [39m[2m/src/index.css, /src/features/captcha/components/Captcha.tsx[22m
[2m14:55:15[22m [36m[1m[vite][22m[39m [90m[2m(client)[22m[39m [32mhmr update [39m[2m/src/App.tsx, /src/index.css[22m
[2m14:55:15[22m [31m[1m[vite][22m[39m [31m[2m(client)[22m[39m [2m[console.error] [22m[vite] SyntaxError: The requested module '/node_modules/.vite/deps/@tabler_icons-react.js?v=9f6aab91' does not provide an export named 'IconPackageDownload'
[2m14:55:15[22m [31m[1m[vite][22m[39m [31m[2m(client)[22m[39m [2m[console.error] [22m[vite] Failed to reload /src/App.tsx. This could be due to syntax errors or importing non-existent modules. (see errors above)
[2m14:55:15[22m [31m[1m[vite][22m[39m [31m[2m(client)[22m[39m [2m[console.error] [22m[vite] SyntaxError: The requested module '/node_modules/.vite/deps/@tabler_icons-react.js?v=9f6aab91' does not provide an export named 'IconPackageDownload'
[2m14:55:15[22m [31m[1m[vite][22m[39m [31m[2m(client)[22m[39m [2m[console.error] [22m[vite] Failed to reload /src/App.tsx. This could be due to syntax errors or importing non-existent modules. (see errors above)
[2m14:55:30[22m [36m[1m[vite][22m[39m [90m[2m(client)[22m[39m [32mhmr update [39m[2m/src/index.css, /src/features/admin/pages/Users.tsx[22m
[2m14:55:35[22m [36m[1m[vite][22m[39m [90m[2m(client)[22m[39m [32mhmr update [39m[2m/src/index.css, /src/features/admin/pages/Users.tsx[22m
[2m14:55:43[22m [36m[1m[vite][22m[39m [90m[2m(client)[22m[39m [32mhmr update [39m[2m/src/index.css, /src/components/PendingDeletionBanner.tsx[22m
[2m14:55:44[22m [36m[1m[vite][22m[39m [90m[2m(client)[22m[39m [32mhmr update [39m[2m/src/index.css, /src/components/PendingDeletionBanner.tsx[22m
[2m14:56:41[22m [36m[1m[vite][22m[39m [90m[2m(client)[22m[39m [32mhmr update [39m[2m/src/index.css, /src/components/PendingDeletionBanner.tsx[22m
[2m16:12:51[22m [36m[1m[vite][22m[39m [90m[2m(client)[22m[39m [32mhmr update [39m[2m/src/features/admin/pages/Images.tsx, /src/index.css[22m
[2m16:12:52[22m [31m[1m[vite][22m[39m [31m[2m(client)[22m[39m [2m[console.error] [22mReferenceError: useNavigate is not defined
    at Images (https://localhost:5200/src/features/admin/pages/Images.tsx?t=1781943171953:107:19)
    at Object.react_stack_bottom_frame (https://localhost:5200/node_modules/.vite/deps/react-dom_client.js?v=9f6aab91:12868:12)
    at renderWithHooks (https://localhost:5200/node_modules/.vite/deps/react-dom_client.js?v=9f6aab91:4213:19)
    at updateFunctionComponent (https://localhost:5200/node_modules/.vite/deps/react-dom_client.js?v=9f6aab91:5569:16)
    at beginWork (https://localhost:5200/node_modules/.vite/deps/react-dom_client.js?v=9f6aab91:6140:20)
    at runWithFiberInDEV (https://localhost:5200/node_modules/.vite/deps/react-dom_client.js?v=9f6aab91:851:66)
    at performUnitOfWork (https://localhost:5200/node_modules/.vite/deps/react-dom_client.js?v=9f6aab91:8429:92)
    at workLoopSync (https://localhost:5200/node_modules/.vite/deps/react-dom_client.js?v=9f6aab91:8325:37)
    at renderRootSync (https://localhost:5200/node_modules/.vite/deps/react-dom_client.js?v=9f6aab91:8309:6)
    at performWorkOnRoot (https://localhost:5200/node_modules/.vite/deps/react-dom_client.js?v=9f6aab91:7994:27)

The above error occurred in the <Images> component.

React will try to recreate this component tree from scratch using the error boundary you provided, ErrorBoundary.

[2m16:12:52[22m [31m[1m[vite][22m[39m [31m[2m(client)[22m[39m [2m[console.error] [22mErrorBoundary: ReferenceError: useNavigate is not defined
    at Images (https://localhost:5200/src/features/admin/pages/Images.tsx?t=1781943171953:107:19)
    at Object.react_stack_bottom_frame (https://localhost:5200/node_modules/.vite/deps/react-dom_client.js?v=9f6aab91:12868:12)
    at renderWithHooks (https://localhost:5200/node_modules/.vite/deps/react-dom_client.js?v=9f6aab91:4213:19)
    at updateFunctionComponent (https://localhost:5200/node_modules/.vite/deps/react-dom_client.js?v=9f6aab91:5569:16)
    at beginWork (https://localhost:5200/node_modules/.vite/deps/react-dom_client.js?v=9f6aab91:6140:20)
    at runWithFiberInDEV (https://localhost:5200/node_modules/.vite/deps/react-dom_client.js?v=9f6aab91:851:66)
    at performUnitOfWork (https://localhost:5200/node_modules/.vite/deps/react-dom_client.js?v=9f6aab91:8429:92)
    at workLoopSync (https://localhost:5200/node_modules/.vite/deps/react-dom_client.js?v=9f6aab91:8325:37)
    at renderRootSync (https://localhost:5200/node_modules/.vite/deps/react-dom_client.js?v=9f6aab91:8309:6)
    at performWorkOnRoot (https://localhost:5200/node_modules/.vite/deps/react-dom_client.js?v=9f6aab91:7994:27) {"componentStack":"\n    at Images (https://localhost:5200/src/features/admin/pages/Images.tsx?t=1781943171953:107:19)\n    at RenderedRoute (https://localhost:5200/node_modules/.vite/deps/react-router.js?v=9f6aab91:5160:26)\n    at Outlet (https://localhost:5200/node_modules/.vite/deps/react-router.js?v=9f6aab91:6276:25)\n    at div (<anonymous>)\n    at AdminLayout (<anonymous>)\n    at RenderedRoute (https://localhost:5200/node_modules/.vite/deps/react-router.js?v=9f6aab91:5160:26)\n    at Outlet (https://localhost:5200/node_modules/.vite/deps/react-router.js?v=9f6aab91:6276:25)\n    at AdminGuard (https://localhost:5200/src/App.tsx?t=1781938601099:144:15)\n    at RenderedRoute (https://localhost:5200/node_modules/.vite/deps/react-router.js?v=9f6aab91:5160:26)\n    at Outlet (https://localhost:5200/node_modules/.vite/deps/react-router.js?v=9f6aab91:6276:25)\n    at AuthGuard (https://localhost:5200/src/App.tsx?t=1781938601099:117:15)\n    at RenderedRoute (https://localhost:5200/node_modules/.vite/deps/react-router.js?v=9f6aab91:5160:26)\n    at Outlet (https://localhost:5200/node_modules/.vite/deps/react-router.js?v=9f6aab91:6276:25)\n    at main (<anonymous>)\n    at div (<anonymous>)\n    at Layout (<anonymous>)\n    at RenderedRoute (https://localhost:5200/node_modules/.vite/deps/react-router.js?v=9f6aab91:5160:26)\n    at Routes (https://localhost:5200/node_modules/.vite/deps/react-router.js?v=9f6aab91:6428:19)\n    at Suspense (<anonymous>)\n    at ErrorBoundary (https://localhost:5200/src/components/ErrorBoundary.tsx:4:8)\n    at App (https://localhost:5200/src/App.tsx?t=1781938601099:165:18)\n    at Router (https://localhost:5200/node_modules/.vite/deps/react-router.js?v=9f6aab91:6358:29)\n    at BrowserRouter (https://localhost:5200/node_modules/.vite/deps/react-router.js?v=9f6aab91:9295:26)\n    at QueryClientProvider (https://localhost:5200/node_modules/.vite/deps/@tanstack_react-query.js?v=9f6aab91:2549:30)"}
[2m16:13:01[22m [36m[1m[vite][22m[39m [90m[2m(client)[22m[39m [32mhmr update [39m[2m/src/features/admin/pages/Images.tsx, /src/index.css[22m
[2m16:13:02[22m [31m[1m[vite][22m[39m [31m[2m(client)[22m[39m [2m[console.error] [22mReferenceError: useNavigate is not defined
    at Images (https://localhost:5200/src/features/admin/pages/Images.tsx?t=1781943181986:107:19)
    at Object.react_stack_bottom_frame (https://localhost:5200/node_modules/.vite/deps/react-dom_client.js?v=9f6aab91:12868:12)
    at renderWithHooks (https://localhost:5200/node_modules/.vite/deps/react-dom_client.js?v=9f6aab91:4213:19)
    at updateFunctionComponent (https://localhost:5200/node_modules/.vite/deps/react-dom_client.js?v=9f6aab91:5569:16)
    at beginWork (https://localhost:5200/node_modules/.vite/deps/react-dom_client.js?v=9f6aab91:6120:628)
    at runWithFiberInDEV (https://localhost:5200/node_modules/.vite/deps/react-dom_client.js?v=9f6aab91:851:66)
    at performUnitOfWork (https://localhost:5200/node_modules/.vite/deps/react-dom_client.js?v=9f6aab91:8429:92)
    at workLoopSync (https://localhost:5200/node_modules/.vite/deps/react-dom_client.js?v=9f6aab91:8325:37)
    at renderRootSync (https://localhost:5200/node_modules/.vite/deps/react-dom_client.js?v=9f6aab91:8309:6)
    at performWorkOnRoot (https://localhost:5200/node_modules/.vite/deps/react-dom_client.js?v=9f6aab91:7994:27)

The above error occurred in the <Images> component.

React will try to recreate this component tree from scratch using the error boundary you provided, ErrorBoundary.

[2m16:13:02[22m [31m[1m[vite][22m[39m [31m[2m(client)[22m[39m [2m[console.error] [22mErrorBoundary: ReferenceError: useNavigate is not defined
    at Images (https://localhost:5200/src/features/admin/pages/Images.tsx?t=1781943181986:107:19)
    at Object.react_stack_bottom_frame (https://localhost:5200/node_modules/.vite/deps/react-dom_client.js?v=9f6aab91:12868:12)
    at renderWithHooks (https://localhost:5200/node_modules/.vite/deps/react-dom_client.js?v=9f6aab91:4213:19)
    at updateFunctionComponent (https://localhost:5200/node_modules/.vite/deps/react-dom_client.js?v=9f6aab91:5569:16)
    at beginWork (https://localhost:5200/node_modules/.vite/deps/react-dom_client.js?v=9f6aab91:6120:628)
    at runWithFiberInDEV (https://localhost:5200/node_modules/.vite/deps/react-dom_client.js?v=9f6aab91:851:66)
    at performUnitOfWork (https://localhost:5200/node_modules/.vite/deps/react-dom_client.js?v=9f6aab91:8429:92)
    at workLoopSync (https://localhost:5200/node_modules/.vite/deps/react-dom_client.js?v=9f6aab91:8325:37)
    at renderRootSync (https://localhost:5200/node_modules/.vite/deps/react-dom_client.js?v=9f6aab91:8309:6)
    at performWorkOnRoot (https://localhost:5200/node_modules/.vite/deps/react-dom_client.js?v=9f6aab91:7994:27) {"componentStack":"\n    at Images (https://localhost:5200/src/features/admin/pages/Images.tsx?t=1781943181986:107:19)\n    at RenderedRoute (https://localhost:5200/node_modules/.vite/deps/react-router.js?v=9f6aab91:5160:26)\n    at Outlet (https://localhost:5200/node_modules/.vite/deps/react-router.js?v=9f6aab91:6276:25)\n    at div (<anonymous>)\n    at AdminLayout (<anonymous>)\n    at RenderedRoute (https://localhost:5200/node_modules/.vite/deps/react-router.js?v=9f6aab91:5160:26)\n    at Outlet (https://localhost:5200/node_modules/.vite/deps/react-router.js?v=9f6aab91:6276:25)\n    at AdminGuard (https://localhost:5200/src/App.tsx?t=1781938601099:144:15)\n    at RenderedRoute (https://localhost:5200/node_modules/.vite/deps/react-router.js?v=9f6aab91:5160:26)\n    at Outlet (https://localhost:5200/node_modules/.vite/deps/react-router.js?v=9f6aab91:6276:25)\n    at AuthGuard (https://localhost:5200/src/App.tsx?t=1781938601099:117:15)\n    at RenderedRoute (https://localhost:5200/node_modules/.vite/deps/react-router.js?v=9f6aab91:5160:26)\n    at Outlet (https://localhost:5200/node_modules/.vite/deps/react-router.js?v=9f6aab91:6276:25)\n    at main (<anonymous>)\n    at div (<anonymous>)\n    at Layout (<anonymous>)\n    at RenderedRoute (https://localhost:5200/node_modules/.vite/deps/react-router.js?v=9f6aab91:5160:26)\n    at Routes (https://localhost:5200/node_modules/.vite/deps/react-router.js?v=9f6aab91:6428:19)\n    at Suspense (<anonymous>)\n    at ErrorBoundary (https://localhost:5200/src/components/ErrorBoundary.tsx:4:8)\n    at App (https://localhost:5200/src/App.tsx?t=1781938601099:165:18)\n    at Router (https://localhost:5200/node_modules/.vite/deps/react-router.js?v=9f6aab91:6358:29)\n    at BrowserRouter (https://localhost:5200/node_modules/.vite/deps/react-router.js?v=9f6aab91:9295:26)\n    at QueryClientProvider (https://localhost:5200/node_modules/.vite/deps/@tanstack_react-query.js?v=9f6aab91:2549:30)"}
[2m16:13:27[22m [36m[1m[vite][22m[39m [90m[2m(client)[22m[39m [32mhmr update [39m[2m/src/features/admin/pages/Images.tsx, /src/index.css[22m
[2m16:13:28[22m [31m[1m[vite][22m[39m [31m[2m(client)[22m[39m [2m[console.error] [22mReferenceError: useNavigate is not defined
    at Images (https://localhost:5200/src/features/admin/pages/Images.tsx?t=1781943207407:107:19)
    at Object.react_stack_bottom_frame (https://localhost:5200/node_modules/.vite/deps/react-dom_client.js?v=9f6aab91:12868:12)
    at renderWithHooks (https://localhost:5200/node_modules/.vite/deps/react-dom_client.js?v=9f6aab91:4213:19)
    at updateFunctionComponent (https://localhost:5200/node_modules/.vite/deps/react-dom_client.js?v=9f6aab91:5569:16)
    at beginWork (https://localhost:5200/node_modules/.vite/deps/react-dom_client.js?v=9f6aab91:6120:628)
    at runWithFiberInDEV (https://localhost:5200/node_modules/.vite/deps/react-dom_client.js?v=9f6aab91:851:66)
    at performUnitOfWork (https://localhost:5200/node_modules/.vite/deps/react-dom_client.js?v=9f6aab91:8429:92)
    at workLoopSync (https://localhost:5200/node_modules/.vite/deps/react-dom_client.js?v=9f6aab91:8325:37)
    at renderRootSync (https://localhost:5200/node_modules/.vite/deps/react-dom_client.js?v=9f6aab91:8309:6)
    at performWorkOnRoot (https://localhost:5200/node_modules/.vite/deps/react-dom_client.js?v=9f6aab91:7994:27)

The above error occurred in the <Images> component.

React will try to recreate this component tree from scratch using the error boundary you provided, ErrorBoundary.

[2m16:13:28[22m [31m[1m[vite][22m[39m [31m[2m(client)[22m[39m [2m[console.error] [22mErrorBoundary: ReferenceError: useNavigate is not defined
    at Images (https://localhost:5200/src/features/admin/pages/Images.tsx?t=1781943207407:107:19)
    at Object.react_stack_bottom_frame (https://localhost:5200/node_modules/.vite/deps/react-dom_client.js?v=9f6aab91:12868:12)
    at renderWithHooks (https://localhost:5200/node_modules/.vite/deps/react-dom_client.js?v=9f6aab91:4213:19)
    at updateFunctionComponent (https://localhost:5200/node_modules/.vite/deps/react-dom_client.js?v=9f6aab91:5569:16)
    at beginWork (https://localhost:5200/node_modules/.vite/deps/react-dom_client.js?v=9f6aab91:6120:628)
    at runWithFiberInDEV (https://localhost:5200/node_modules/.vite/deps/react-dom_client.js?v=9f6aab91:851:66)
    at performUnitOfWork (https://localhost:5200/node_modules/.vite/deps/react-dom_client.js?v=9f6aab91:8429:92)
    at workLoopSync (https://localhost:5200/node_modules/.vite/deps/react-dom_client.js?v=9f6aab91:8325:37)
    at renderRootSync (https://localhost:5200/node_modules/.vite/deps/react-dom_client.js?v=9f6aab91:8309:6)
    at performWorkOnRoot (https://localhost:5200/node_modules/.vite/deps/react-dom_client.js?v=9f6aab91:7994:27) {"componentStack":"\n    at Images (https://localhost:5200/src/features/admin/pages/Images.tsx?t=1781943207407:107:19)\n    at RenderedRoute (https://localhost:5200/node_modules/.vite/deps/react-router.js?v=9f6aab91:5160:26)\n    at Outlet (https://localhost:5200/node_modules/.vite/deps/react-router.js?v=9f6aab91:6276:25)\n    at div (<anonymous>)\n    at AdminLayout (<anonymous>)\n    at RenderedRoute (https://localhost:5200/node_modules/.vite/deps/react-router.js?v=9f6aab91:5160:26)\n    at Outlet (https://localhost:5200/node_modules/.vite/deps/react-router.js?v=9f6aab91:6276:25)\n    at AdminGuard (https://localhost:5200/src/App.tsx?t=1781938601099:144:15)\n    at RenderedRoute (https://localhost:5200/node_modules/.vite/deps/react-router.js?v=9f6aab91:5160:26)\n    at Outlet (https://localhost:5200/node_modules/.vite/deps/react-router.js?v=9f6aab91:6276:25)\n    at AuthGuard (https://localhost:5200/src/App.tsx?t=1781938601099:117:15)\n    at RenderedRoute (https://localhost:5200/node_modules/.vite/deps/react-router.js?v=9f6aab91:5160:26)\n    at Outlet (https://localhost:5200/node_modules/.vite/deps/react-router.js?v=9f6aab91:6276:25)\n    at main (<anonymous>)\n    at div (<anonymous>)\n    at Layout (<anonymous>)\n    at RenderedRoute (https://localhost:5200/node_modules/.vite/deps/react-router.js?v=9f6aab91:5160:26)\n    at Routes (https://localhost:5200/node_modules/.vite/deps/react-router.js?v=9f6aab91:6428:19)\n    at Suspense (<anonymous>)\n    at ErrorBoundary (https://localhost:5200/src/components/ErrorBoundary.tsx:4:8)\n    at App (https://localhost:5200/src/App.tsx?t=1781938601099:165:18)\n    at Router (https://localhost:5200/node_modules/.vite/deps/react-router.js?v=9f6aab91:6358:29)\n    at BrowserRouter (https://localhost:5200/node_modules/.vite/deps/react-router.js?v=9f6aab91:9295:26)\n    at QueryClientProvider (https://localhost:5200/node_modules/.vite/deps/@tanstack_react-query.js?v=9f6aab91:2549:30)"}
[2m16:13:37[22m [36m[1m[vite][22m[39m [90m[2m(client)[22m[39m [32mhmr update [39m[2m/src/features/admin/pages/Images.tsx, /src/index.css[22m
[2m16:13:38[22m [31m[1m[vite][22m[39m [31m[2m(client)[22m[39m [2m[console.error] [22mReferenceError: useNavigate is not defined
    at Images (https://localhost:5200/src/features/admin/pages/Images.tsx?t=1781943217550:108:19)
    at Object.react_stack_bottom_frame (https://localhost:5200/node_modules/.vite/deps/react-dom_client.js?v=9f6aab91:12868:12)
    at renderWithHooks (https://localhost:5200/node_modules/.vite/deps/react-dom_client.js?v=9f6aab91:4213:19)
    at updateFunctionComponent (https://localhost:5200/node_modules/.vite/deps/react-dom_client.js?v=9f6aab91:5569:16)
    at beginWork (https://localhost:5200/node_modules/.vite/deps/react-dom_client.js?v=9f6aab91:6120:628)
    at runWithFiberInDEV (https://localhost:5200/node_modules/.vite/deps/react-dom_client.js?v=9f6aab91:851:66)
    at performUnitOfWork (https://localhost:5200/node_modules/.vite/deps/react-dom_client.js?v=9f6aab91:8429:92)
    at workLoopSync (https://localhost:5200/node_modules/.vite/deps/react-dom_client.js?v=9f6aab91:8325:37)
    at renderRootSync (https://localhost:5200/node_modules/.vite/deps/react-dom_client.js?v=9f6aab91:8309:6)
    at performWorkOnRoot (https://localhost:5200/node_modules/.vite/deps/react-dom_client.js?v=9f6aab91:7994:27)

The above error occurred in the <Images> component.

React will try to recreate this component tree from scratch using the error boundary you provided, ErrorBoundary.

[2m16:13:38[22m [31m[1m[vite][22m[39m [31m[2m(client)[22m[39m [2m[console.error] [22mErrorBoundary: ReferenceError: useNavigate is not defined
    at Images (https://localhost:5200/src/features/admin/pages/Images.tsx?t=1781943217550:108:19)
    at Object.react_stack_bottom_frame (https://localhost:5200/node_modules/.vite/deps/react-dom_client.js?v=9f6aab91:12868:12)
    at renderWithHooks (https://localhost:5200/node_modules/.vite/deps/react-dom_client.js?v=9f6aab91:4213:19)
    at updateFunctionComponent (https://localhost:5200/node_modules/.vite/deps/react-dom_client.js?v=9f6aab91:5569:16)
    at beginWork (https://localhost:5200/node_modules/.vite/deps/react-dom_client.js?v=9f6aab91:6120:628)
    at runWithFiberInDEV (https://localhost:5200/node_modules/.vite/deps/react-dom_client.js?v=9f6aab91:851:66)
    at performUnitOfWork (https://localhost:5200/node_modules/.vite/deps/react-dom_client.js?v=9f6aab91:8429:92)
    at workLoopSync (https://localhost:5200/node_modules/.vite/deps/react-dom_client.js?v=9f6aab91:8325:37)
    at renderRootSync (https://localhost:5200/node_modules/.vite/deps/react-dom_client.js?v=9f6aab91:8309:6)
    at performWorkOnRoot (https://localhost:5200/node_modules/.vite/deps/react-dom_client.js?v=9f6aab91:7994:27) {"componentStack":"\n    at Images (https://localhost:5200/src/features/admin/pages/Images.tsx?t=1781943217550:108:19)\n    at RenderedRoute (https://localhost:5200/node_modules/.vite/deps/react-router.js?v=9f6aab91:5160:26)\n    at Outlet (https://localhost:5200/node_modules/.vite/deps/react-router.js?v=9f6aab91:6276:25)\n    at div (<anonymous>)\n    at AdminLayout (<anonymous>)\n    at RenderedRoute (https://localhost:5200/node_modules/.vite/deps/react-router.js?v=9f6aab91:5160:26)\n    at Outlet (https://localhost:5200/node_modules/.vite/deps/react-router.js?v=9f6aab91:6276:25)\n    at AdminGuard (https://localhost:5200/src/App.tsx?t=1781938601099:144:15)\n    at RenderedRoute (https://localhost:5200/node_modules/.vite/deps/react-router.js?v=9f6aab91:5160:26)\n    at Outlet (https://localhost:5200/node_modules/.vite/deps/react-router.js?v=9f6aab91:6276:25)\n    at AuthGuard (https://localhost:5200/src/App.tsx?t=1781938601099:117:15)\n    at RenderedRoute (https://localhost:5200/node_modules/.vite/deps/react-router.js?v=9f6aab91:5160:26)\n    at Outlet (https://localhost:5200/node_modules/.vite/deps/react-router.js?v=9f6aab91:6276:25)\n    at main (<anonymous>)\n    at div (<anonymous>)\n    at Layout (<anonymous>)\n    at RenderedRoute (https://localhost:5200/node_modules/.vite/deps/react-router.js?v=9f6aab91:5160:26)\n    at Routes (https://localhost:5200/node_modules/.vite/deps/react-router.js?v=9f6aab91:6428:19)\n    at Suspense (<anonymous>)\n    at ErrorBoundary (https://localhost:5200/src/components/ErrorBoundary.tsx:4:8)\n    at App (https://localhost:5200/src/App.tsx?t=1781938601099:165:18)\n    at Router (https://localhost:5200/node_modules/.vite/deps/react-router.js?v=9f6aab91:6358:29)\n    at BrowserRouter (https://localhost:5200/node_modules/.vite/deps/react-router.js?v=9f6aab91:9295:26)\n    at QueryClientProvider (https://localhost:5200/node_modules/.vite/deps/@tanstack_react-query.js?v=9f6aab91:2549:30)"}
[2m16:13:49[22m [36m[1m[vite][22m[39m [90m[2m(client)[22m[39m [32mhmr update [39m[2m/src/features/admin/pages/Images.tsx, /src/index.css[22m
[2m16:13:50[22m [31m[1m[vite][22m[39m [31m[2m(client)[22m[39m [2m[console.error] [22mReferenceError: useNavigate is not defined
    at Images (https://localhost:5200/src/features/admin/pages/Images.tsx?t=1781943229614:108:19)
    at Object.react_stack_bottom_frame (https://localhost:5200/node_modules/.vite/deps/react-dom_client.js?v=9f6aab91:12868:12)
    at renderWithHooks (https://localhost:5200/node_modules/.vite/deps/react-dom_client.js?v=9f6aab91:4213:19)
    at updateFunctionComponent (https://localhost:5200/node_modules/.vite/deps/react-dom_client.js?v=9f6aab91:5569:16)
    at beginWork (https://localhost:5200/node_modules/.vite/deps/react-dom_client.js?v=9f6aab91:6120:628)
    at runWithFiberInDEV (https://localhost:5200/node_modules/.vite/deps/react-dom_client.js?v=9f6aab91:851:66)
    at performUnitOfWork (https://localhost:5200/node_modules/.vite/deps/react-dom_client.js?v=9f6aab91:8429:92)
    at workLoopSync (https://localhost:5200/node_modules/.vite/deps/react-dom_client.js?v=9f6aab91:8325:37)
    at renderRootSync (https://localhost:5200/node_modules/.vite/deps/react-dom_client.js?v=9f6aab91:8309:6)
    at performWorkOnRoot (https://localhost:5200/node_modules/.vite/deps/react-dom_client.js?v=9f6aab91:7994:27)

The above error occurred in the <Images> component.

React will try to recreate this component tree from scratch using the error boundary you provided, ErrorBoundary.

[2m16:13:50[22m [31m[1m[vite][22m[39m [31m[2m(client)[22m[39m [2m[console.error] [22mErrorBoundary: ReferenceError: useNavigate is not defined
    at Images (https://localhost:5200/src/features/admin/pages/Images.tsx?t=1781943229614:108:19)
    at Object.react_stack_bottom_frame (https://localhost:5200/node_modules/.vite/deps/react-dom_client.js?v=9f6aab91:12868:12)
    at renderWithHooks (https://localhost:5200/node_modules/.vite/deps/react-dom_client.js?v=9f6aab91:4213:19)
    at updateFunctionComponent (https://localhost:5200/node_modules/.vite/deps/react-dom_client.js?v=9f6aab91:5569:16)
    at beginWork (https://localhost:5200/node_modules/.vite/deps/react-dom_client.js?v=9f6aab91:6120:628)
    at runWithFiberInDEV (https://localhost:5200/node_modules/.vite/deps/react-dom_client.js?v=9f6aab91:851:66)
    at performUnitOfWork (https://localhost:5200/node_modules/.vite/deps/react-dom_client.js?v=9f6aab91:8429:92)
    at workLoopSync (https://localhost:5200/node_modules/.vite/deps/react-dom_client.js?v=9f6aab91:8325:37)
    at renderRootSync (https://localhost:5200/node_modules/.vite/deps/react-dom_client.js?v=9f6aab91:8309:6)
    at performWorkOnRoot (https://localhost:5200/node_modules/.vite/deps/react-dom_client.js?v=9f6aab91:7994:27) {"componentStack":"\n    at Images (https://localhost:5200/src/features/admin/pages/Images.tsx?t=1781943229614:108:19)\n    at RenderedRoute (https://localhost:5200/node_modules/.vite/deps/react-router.js?v=9f6aab91:5160:26)\n    at Outlet (https://localhost:5200/node_modules/.vite/deps/react-router.js?v=9f6aab91:6276:25)\n    at div (<anonymous>)\n    at AdminLayout (<anonymous>)\n    at RenderedRoute (https://localhost:5200/node_modules/.vite/deps/react-router.js?v=9f6aab91:5160:26)\n    at Outlet (https://localhost:5200/node_modules/.vite/deps/react-router.js?v=9f6aab91:6276:25)\n    at AdminGuard (https://localhost:5200/src/App.tsx?t=1781938601099:144:15)\n    at RenderedRoute (https://localhost:5200/node_modules/.vite/deps/react-router.js?v=9f6aab91:5160:26)\n    at Outlet (https://localhost:5200/node_modules/.vite/deps/react-router.js?v=9f6aab91:6276:25)\n    at AuthGuard (https://localhost:5200/src/App.tsx?t=1781938601099:117:15)\n    at RenderedRoute (https://localhost:5200/node_modules/.vite/deps/react-router.js?v=9f6aab91:5160:26)\n    at Outlet (https://localhost:5200/node_modules/.vite/deps/react-router.js?v=9f6aab91:6276:25)\n    at main (<anonymous>)\n    at div (<anonymous>)\n    at Layout (<anonymous>)\n    at RenderedRoute (https://localhost:5200/node_modules/.vite/deps/react-router.js?v=9f6aab91:5160:26)\n    at Routes (https://localhost:5200/node_modules/.vite/deps/react-router.js?v=9f6aab91:6428:19)\n    at Suspense (<anonymous>)\n    at ErrorBoundary (https://localhost:5200/src/components/ErrorBoundary.tsx:4:8)\n    at App (https://localhost:5200/src/App.tsx?t=1781938601099:165:18)\n    at Router (https://localhost:5200/node_modules/.vite/deps/react-router.js?v=9f6aab91:6358:29)\n    at BrowserRouter (https://localhost:5200/node_modules/.vite/deps/react-router.js?v=9f6aab91:9295:26)\n    at QueryClientProvider (https://localhost:5200/node_modules/.vite/deps/@tanstack_react-query.js?v=9f6aab91:2549:30)"}
[2m16:14:09[22m [36m[1m[vite][22m[39m [90m[2m(client)[22m[39m [32mhmr update [39m[2m/src/features/admin/pages/Images.tsx, /src/index.css[22m
[2m16:14:10[22m [31m[1m[vite][22m[39m [31m[2m(client)[22m[39m [2m[console.error] [22mReferenceError: useNavigate is not defined
    at Images (https://localhost:5200/src/features/admin/pages/Images.tsx?t=1781943249577:108:19)
    at Object.react_stack_bottom_frame (https://localhost:5200/node_modules/.vite/deps/react-dom_client.js?v=9f6aab91:12868:12)
    at renderWithHooks (https://localhost:5200/node_modules/.vite/deps/react-dom_client.js?v=9f6aab91:4213:19)
    at updateFunctionComponent (https://localhost:5200/node_modules/.vite/deps/react-dom_client.js?v=9f6aab91:5569:16)
    at beginWork (https://localhost:5200/node_modules/.vite/deps/react-dom_client.js?v=9f6aab91:6120:628)
    at runWithFiberInDEV (https://localhost:5200/node_modules/.vite/deps/react-dom_client.js?v=9f6aab91:851:66)
    at performUnitOfWork (https://localhost:5200/node_modules/.vite/deps/react-dom_client.js?v=9f6aab91:8429:92)
    at workLoopSync (https://localhost:5200/node_modules/.vite/deps/react-dom_client.js?v=9f6aab91:8325:37)
    at renderRootSync (https://localhost:5200/node_modules/.vite/deps/react-dom_client.js?v=9f6aab91:8309:6)
    at performWorkOnRoot (https://localhost:5200/node_modules/.vite/deps/react-dom_client.js?v=9f6aab91:7994:27)

The above error occurred in the <Images> component.

React will try to recreate this component tree from scratch using the error boundary you provided, ErrorBoundary.

[2m16:14:10[22m [31m[1m[vite][22m[39m [31m[2m(client)[22m[39m [2m[console.error] [22mErrorBoundary: ReferenceError: useNavigate is not defined
    at Images (https://localhost:5200/src/features/admin/pages/Images.tsx?t=1781943249577:108:19)
    at Object.react_stack_bottom_frame (https://localhost:5200/node_modules/.vite/deps/react-dom_client.js?v=9f6aab91:12868:12)
    at renderWithHooks (https://localhost:5200/node_modules/.vite/deps/react-dom_client.js?v=9f6aab91:4213:19)
    at updateFunctionComponent (https://localhost:5200/node_modules/.vite/deps/react-dom_client.js?v=9f6aab91:5569:16)
    at beginWork (https://localhost:5200/node_modules/.vite/deps/react-dom_client.js?v=9f6aab91:6120:628)
    at runWithFiberInDEV (https://localhost:5200/node_modules/.vite/deps/react-dom_client.js?v=9f6aab91:851:66)
    at performUnitOfWork (https://localhost:5200/node_modules/.vite/deps/react-dom_client.js?v=9f6aab91:8429:92)
    at workLoopSync (https://localhost:5200/node_modules/.vite/deps/react-dom_client.js?v=9f6aab91:8325:37)
    at renderRootSync (https://localhost:5200/node_modules/.vite/deps/react-dom_client.js?v=9f6aab91:8309:6)
    at performWorkOnRoot (https://localhost:5200/node_modules/.vite/deps/react-dom_client.js?v=9f6aab91:7994:27) {"componentStack":"\n    at Images (https://localhost:5200/src/features/admin/pages/Images.tsx?t=1781943249577:108:19)\n    at RenderedRoute (https://localhost:5200/node_modules/.vite/deps/react-router.js?v=9f6aab91:5160:26)\n    at Outlet (https://localhost:5200/node_modules/.vite/deps/react-router.js?v=9f6aab91:6276:25)\n    at div (<anonymous>)\n    at AdminLayout (<anonymous>)\n    at RenderedRoute (https://localhost:5200/node_modules/.vite/deps/react-router.js?v=9f6aab91:5160:26)\n    at Outlet (https://localhost:5200/node_modules/.vite/deps/react-router.js?v=9f6aab91:6276:25)\n    at AdminGuard (https://localhost:5200/src/App.tsx?t=1781938601099:144:15)\n    at RenderedRoute (https://localhost:5200/node_modules/.vite/deps/react-router.js?v=9f6aab91:5160:26)\n    at Outlet (https://localhost:5200/node_modules/.vite/deps/react-router.js?v=9f6aab91:6276:25)\n    at AuthGuard (https://localhost:5200/src/App.tsx?t=1781938601099:117:15)\n    at RenderedRoute (https://localhost:5200/node_modules/.vite/deps/react-router.js?v=9f6aab91:5160:26)\n    at Outlet (https://localhost:5200/node_modules/.vite/deps/react-router.js?v=9f6aab91:6276:25)\n    at main (<anonymous>)\n    at div (<anonymous>)\n    at Layout (<anonymous>)\n    at RenderedRoute (https://localhost:5200/node_modules/.vite/deps/react-router.js?v=9f6aab91:5160:26)\n    at Routes (https://localhost:5200/node_modules/.vite/deps/react-router.js?v=9f6aab91:6428:19)\n    at Suspense (<anonymous>)\n    at ErrorBoundary (https://localhost:5200/src/components/ErrorBoundary.tsx:4:8)\n    at App (https://localhost:5200/src/App.tsx?t=1781938601099:165:18)\n    at Router (https://localhost:5200/node_modules/.vite/deps/react-router.js?v=9f6aab91:6358:29)\n    at BrowserRouter (https://localhost:5200/node_modules/.vite/deps/react-router.js?v=9f6aab91:9295:26)\n    at QueryClientProvider (https://localhost:5200/node_modules/.vite/deps/@tanstack_react-query.js?v=9f6aab91:2549:30)"}
[2m16:14:45[22m [36m[1m[vite][22m[39m [90m[2m(client)[22m[39m [32mhmr update [39m[2m/src/features/admin/pages/Images.tsx, /src/index.css[22m
[2m16:15:39[22m [36m[1m[vite][22m[39m [90m[2m(client)[22m[39m [32mhmr update [39m[2m/src/features/admin/pages/Images.tsx, /src/index.css[22m
